<?xml version="1.0" encoding="UTF-8"?>
<!-- Generated by org.testng.reporters.JUnitXMLReporter -->
<testsuite ignored="0" hostname="office-pc" failures="0" tests="5" name="Surefire test" time="0.025" errors="0" timestamp="2025-12-28T17:01:52 CST">
  <testcase classname="com.example.test.CalculatorTest" name="testAdd" time="0.006"/>
  <testcase classname="com.example.test.CalculatorTest" name="testDivide" time="0.0"/>
  <testcase classname="com.example.test.CalculatorTest" name="testDivideByZero" time="0.0"/>
  <testcase classname="com.example.test.CalculatorTest" name="testMultiply" time="0.0"/>
  <testcase classname="com.example.test.CalculatorTest" name="testSubtract" time="0.0"/>
</testsuite> <!-- Surefire test -->
