<?xml version="1.0" encoding="UTF-8"?>
<!-- Generated by org.testng.reporters.JUnitXMLReporter -->
<testsuite ignored="0" hostname="office-pc" failures="0" tests="5" name="Default test" time="0.052" errors="0" timestamp="2025-12-28T15:37:11 CST">
  <testcase classname="com.example.test.CalculatorTest" name="testAdd" time="0.009"/>
  <testcase classname="com.example.test.CalculatorTest" name="testDivide" time="0.001"/>
  <testcase classname="com.example.test.CalculatorTest" name="testDivideByZero" time="0.002"/>
  <testcase classname="com.example.test.CalculatorTest" name="testMultiply" time="0.001"/>
  <testcase classname="com.example.test.CalculatorTest" name="testSubtract" time="0.003"/>
</testsuite> <!-- Default test -->
