<?xml version="1.0" encoding="UTF-8"?>
<!-- Generated by org.testng.reporters.JUnitReportReporter -->
<testsuite hostname="office-pc" failures="0" tests="5" name="com.example.test.CalculatorTest" time="0.011" errors="0" timestamp="2025-12-28T15:39:09 CST" skipped="0">
  <testcase classname="com.example.test.CalculatorTest" name="testDivideByZero" time="0.000"/>
  <testcase classname="com.example.test.CalculatorTest" name="testDivide" time="0.001"/>
  <testcase classname="com.example.test.CalculatorTest" name="testSubtract" time="0.001"/>
  <testcase classname="com.example.test.CalculatorTest" name="testAdd" time="0.008"/>
  <testcase classname="com.example.test.CalculatorTest" name="testMultiply" time="0.001"/>
</testsuite> <!-- com.example.test.CalculatorTest -->
