<?xml version="1.0" encoding="UTF-8"?>
<!-- Generated by org.testng.reporters.JUnitReportReporter -->
<testsuite hostname="office-pc" failures="0" tests="5" name="com.example.test.CalculatorTest" time="0.006" errors="0" timestamp="2025-12-28T17:01:52 CST" skipped="0">
  <testcase classname="com.example.test.CalculatorTest" name="testDivide" time="0.000"/>
  <system-out/>
  <testcase classname="com.example.test.CalculatorTest" name="testDivideByZero" time="0.000"/>
  <system-out/>
  <testcase classname="com.example.test.CalculatorTest" name="testMultiply" time="0.000"/>
  <system-out/>
  <testcase classname="com.example.test.CalculatorTest" name="testSubtract" time="0.000"/>
  <system-out/>
  <testcase classname="com.example.test.CalculatorTest" name="testAdd" time="0.006"/>
  <system-out/>
</testsuite> <!-- com.example.test.CalculatorTest -->
