<?xml version="1.0" encoding="UTF-8"?>
<!-- Generated by org.testng.reporters.JUnitXMLReporter -->
<testsuite ignored="0" hostname="office-pc" failures="0" tests="5" name="Calculator Tests" time="0.066" errors="0" timestamp="2025-12-28T16:17:12 CST">
  <testcase classname="com.example.test.CalculatorTest" name="testAdd" time="0.013"/>
  <testcase classname="com.example.test.CalculatorTest" name="testDivide" time="0.001"/>
  <testcase classname="com.example.test.CalculatorTest" name="testDivideByZero" time="0.002"/>
  <testcase classname="com.example.test.CalculatorTest" name="testMultiply" time="0.002"/>
  <testcase classname="com.example.test.CalculatorTest" name="testSubtract" time="0.001"/>
</testsuite> <!-- Calculator Tests -->
